Using pre-set license
Built from '2020.2/release' branch; Version is '2020.2.0f1 (3721df5a8b28) revision 3613151'; Using compiler version '192528614'; Build Type 'Release'
OS: 'Windows 10  (10.0.0) 64bit' Language: 'en' Physical Memory: 32710 MB
BatchMode: 1, IsHumanControllingUs: 0, StartBugReporterOnCrash: 0, Is64bit: 1, IsPro: 0

 COMMAND LINE ARGUMENTS:
D:\2020.2.0f1\Editor\Unity.exe
-adb2
-batchMode
-noUpm
-name
AssetImportWorker0
-projectPath
D:/school/Global Gamejab 2021/Lost Souls
-logFile
Logs/AssetImportWorker0.log
-srvPort
58187
Successfully changed project path to: D:/school/Global Gamejab 2021/Lost Souls
D:/school/Global Gamejab 2021/Lost Souls
Using Asset Import Pipeline V2.
Refreshing native plugins compatible for Editor in 50.59 ms, found 0 plugins.
Preloading 0 native plugins for Editor in 0.00 ms.
Initialize engine version: 2020.2.0f1 (3721df5a8b28)
[Subsystems] Discovering subsystems at path D:/2020.2.0f1/Editor/Data/Resources/UnitySubsystems
[Subsystems] Discovering subsystems at path D:/school/Global Gamejab 2021/Lost Souls/Assets
GfxDevice: creating device client; threaded=0
Direct3D:
    Version:  Direct3D 11.0 [level 11.1]
    Renderer: NVIDIA GeForce GTX 1070 (ID=0x1b81)
    Vendor:   
    VRAM:     8088 MB
    Driver:   27.21.14.6089
Initialize mono
Mono path[0] = 'D:/2020.2.0f1/Editor/Data/Managed'
Mono path[1] = 'D:/2020.2.0f1/Editor/Data/MonoBleedingEdge/lib/mono/unityjit'
Mono config path = 'D:/2020.2.0f1/Editor/Data/MonoBleedingEdge/etc'
Using monoOptions --debugger-agent=transport=dt_socket,embedding=1,server=y,suspend=n,address=127.0.0.1:56568
Begin MonoManager ReloadAssembly
Registering precompiled unity dll's ...
Register platform support module: D:/2020.2.0f1/Editor/Data/PlaybackEngines/WindowsStandaloneSupport/UnityEditor.WindowsStandalone.Extensions.dll
Registered in 0.000961 seconds.
Native extension for WindowsStandalone target not found
Refreshing native plugins compatible for Editor in 47.68 ms, found 0 plugins.
Preloading 0 native plugins for Editor in 0.00 ms.
Invoked RoslynAnalysisRunner static constructor.
RoslynAnalysisRunner will not be running.
RoslynAnalysisRunner has terminated.
Mono: successfully reloaded assembly
- Completed reload, in  1.434 seconds
Platform modules already initialized, skipping
Registering precompiled user dll's ...
Registered in 0.001723 seconds.
Begin MonoManager ReloadAssembly
Native extension for WindowsStandalone target not found
Refreshing native plugins compatible for Editor in 61.03 ms, found 0 plugins.
Preloading 0 native plugins for Editor in 0.00 ms.
Invoked RoslynAnalysisRunner static constructor.
RoslynAnalysisRunner will not be running.
RoslynAnalysisRunner has terminated.
Mono: successfully reloaded assembly
- Completed reload, in  2.145 seconds
Platform modules already initialized, skipping
========================================================================
Worker process is ready to serve import requests
Shader 'Universal Render Pipeline/Particles/Lit': fallback shader 'Universal Render Pipeline/Particles/SimpleLit' not found
Shader 'Universal Render Pipeline/Particles/Lit': fallback shader 'Universal Render Pipeline/Particles/SimpleLit' not found
Launched and connected shader compiler UnityShaderCompiler.exe after 0.04 seconds
Refreshing native plugins compatible for Editor in 0.41 ms, found 0 plugins.
Preloading 0 native plugins for Editor in 0.00 ms.
Unloading 2514 Unused Serialized files (Serialized files now loaded: 0)
System memory in use before: 118.4 MB.
System memory in use after: 116.7 MB.

Unloading 41 unused Assets to reduce memory usage. Loaded Objects now: 2929.
Total: 3.119400 ms (FindLiveObjects: 0.253100 ms CreateObjectMapping: 0.109700 ms MarkObjects: 1.594800 ms  DeleteObjects: 1.160500 ms)

========================================================================
Received Import Request.
  path: Assets/BitGem/Micro_Monsters_N_Heroes_Pack/Micro_Zombie/Models/micro_zombie.fbx
  artifactKey: Guid(574fbc7baf8974e468a7a9215b49327f) Importer(815301076,1909f56bfc062723c751e8b465ee728b)
Start importing Assets/BitGem/Micro_Monsters_N_Heroes_Pack/Micro_Zombie/Models/micro_zombie.fbx using Guid(574fbc7baf8974e468a7a9215b49327f) Importer(815301076,1909f56bfc062723c751e8b465ee728b)  -> (artifact id: '699f1984b4671bf59e50c83466f23bbd') in 0.738737 seconds
  Import took 0.743504 seconds .

========================================================================
Received Import Request.
  Time since last request: 0.000261 seconds.
  path: Assets/Prefab/Spirit.prefab
  artifactKey: Guid(88eab9d325fc25f46ac08509f4fa8b35) Importer(815301076,1909f56bfc062723c751e8b465ee728b)
Start importing Assets/Prefab/Spirit.prefab using Guid(88eab9d325fc25f46ac08509f4fa8b35) Importer(815301076,1909f56bfc062723c751e8b465ee728b)  -> (artifact id: '606634c3e1a5f7bdd83de2f398ad0cef') in 0.050203 seconds
  Import took 0.082088 seconds .

========================================================================
Received Import Request.
  Time since last request: 716.408718 seconds.
  path: Assets/Materials
  artifactKey: Guid(d0234ba368eeec9418390da711bfdad0) Importer(815301076,1909f56bfc062723c751e8b465ee728b)
Start importing Assets/Materials using Guid(d0234ba368eeec9418390da711bfdad0) Importer(815301076,1909f56bfc062723c751e8b465ee728b)  -> (artifact id: 'dc06843684ecb27f9bd36d26729d0bdf') in 0.008924 seconds
  Import took 0.014231 seconds .

========================================================================
Received Import Request.
  Time since last request: 10.223928 seconds.
  path: Assets/Materials/LostSpirit.mat
  artifactKey: Guid(bfdf5ee7dd80eaa468cd4affa7fe4ea7) Importer(815301076,1909f56bfc062723c751e8b465ee728b)
Start importing Assets/Materials/LostSpirit.mat using Guid(bfdf5ee7dd80eaa468cd4affa7fe4ea7) Importer(815301076,1909f56bfc062723c751e8b465ee728b)  -> (artifact id: '803ed59db669b553adf32ebc5340b9cb') in 0.116956 seconds
  Import took 0.124427 seconds .

========================================================================
Received Prepare
Registering precompiled user dll's ...
Registered in 0.001891 seconds.
Begin MonoManager ReloadAssembly
Native extension for WindowsStandalone target not found
Refreshing native plugins compatible for Editor in 0.61 ms, found 0 plugins.
Preloading 0 native plugins for Editor in 0.00 ms.
Invoked RoslynAnalysisRunner static constructor.
RoslynAnalysisRunner will not be running.
RoslynAnalysisRunner has terminated.
Mono: successfully reloaded assembly
- Completed reload, in  2.224 seconds
Platform modules already initialized, skipping
Shader 'Universal Render Pipeline/Particles/Lit': fallback shader 'Universal Render Pipeline/Particles/SimpleLit' not found
Shader 'Universal Render Pipeline/Particles/Lit': fallback shader 'Universal Render Pipeline/Particles/SimpleLit' not found
Refreshing native plugins compatible for Editor in 0.82 ms, found 0 plugins.
Preloading 0 native plugins for Editor in 0.00 ms.
Unloading 2420 Unused Serialized files (Serialized files now loaded: 0)
System memory in use before: 130.5 MB.
System memory in use after: 128.9 MB.

Unloading 36 unused Assets to reduce memory usage. Loaded Objects now: 3014.
Total: 3.744100 ms (FindLiveObjects: 0.302300 ms CreateObjectMapping: 0.129000 ms MarkObjects: 1.812800 ms  DeleteObjects: 1.498200 ms)

========================================================================
Received Prepare
Registering precompiled user dll's ...
Registered in 0.003923 seconds.
Begin MonoManager ReloadAssembly
Native extension for WindowsStandalone target not found
Refreshing native plugins compatible for Editor in 0.45 ms, found 0 plugins.
Preloading 0 native plugins for Editor in 0.00 ms.
Invoked RoslynAnalysisRunner static constructor.
RoslynAnalysisRunner will not be running.
RoslynAnalysisRunner has terminated.
Mono: successfully reloaded assembly
- Completed reload, in  2.270 seconds
Platform modules already initialized, skipping
Shader 'Universal Render Pipeline/Particles/Lit': fallback shader 'Universal Render Pipeline/Particles/SimpleLit' not found
Shader 'Universal Render Pipeline/Particles/Lit': fallback shader 'Universal Render Pipeline/Particles/SimpleLit' not found
Refreshing native plugins compatible for Editor in 1.04 ms, found 0 plugins.
Preloading 0 native plugins for Editor in 0.00 ms.
Unloading 2420 Unused Serialized files (Serialized files now loaded: 0)
System memory in use before: 131.6 MB.
System memory in use after: 129.9 MB.

Unloading 36 unused Assets to reduce memory usage. Loaded Objects now: 3016.
Total: 4.683400 ms (FindLiveObjects: 0.377900 ms CreateObjectMapping: 0.193700 ms MarkObjects: 2.985300 ms  DeleteObjects: 1.124700 ms)

========================================================================
Received Prepare
Registering precompiled user dll's ...
Registered in 0.001984 seconds.
Begin MonoManager ReloadAssembly
Native extension for WindowsStandalone target not found
Refreshing native plugins compatible for Editor in 0.41 ms, found 0 plugins.
Preloading 0 native plugins for Editor in 0.00 ms.
Invoked RoslynAnalysisRunner static constructor.
RoslynAnalysisRunner will not be running.
RoslynAnalysisRunner has terminated.
Mono: successfully reloaded assembly
- Completed reload, in  1.155 seconds
Platform modules already initialized, skipping
Shader 'Universal Render Pipeline/Particles/Lit': fallback shader 'Universal Render Pipeline/Particles/SimpleLit' not found
Shader 'Universal Render Pipeline/Particles/Lit': fallback shader 'Universal Render Pipeline/Particles/SimpleLit' not found
Refreshing native plugins compatible for Editor in 0.41 ms, found 0 plugins.
Preloading 0 native plugins for Editor in 0.00 ms.
Unloading 2420 Unused Serialized files (Serialized files now loaded: 0)
System memory in use before: 131.6 MB.
System memory in use after: 129.9 MB.

Unloading 36 unused Assets to reduce memory usage. Loaded Objects now: 3018.
Total: 4.131500 ms (FindLiveObjects: 0.473700 ms CreateObjectMapping: 0.249400 ms MarkObjects: 1.814200 ms  DeleteObjects: 1.592000 ms)

========================================================================
Received Import Request.
  Time since last request: 436.986108 seconds.
  path: Assets/Scripts/Enemy.cs
  artifactKey: Guid(56c981cc8b548fb45a5e30a050745bdd) Importer(815301076,1909f56bfc062723c751e8b465ee728b)
Start importing Assets/Scripts/Enemy.cs using Guid(56c981cc8b548fb45a5e30a050745bdd) Importer(815301076,1909f56bfc062723c751e8b465ee728b)  -> (artifact id: 'b34073229a2496033213664c339b4b93') in 0.022336 seconds
  Import took 0.026649 seconds .

========================================================================
Received Import Request.
  Time since last request: 0.035784 seconds.
  path: Assets/Scripts/Enemy.cs
  artifactKey: Guid(56c981cc8b548fb45a5e30a050745bdd) Importer(815301076,1909f56bfc062723c751e8b465ee728b)
Start importing Assets/Scripts/Enemy.cs using Guid(56c981cc8b548fb45a5e30a050745bdd) Importer(815301076,1909f56bfc062723c751e8b465ee728b)  -> (artifact id: 'b34073229a2496033213664c339b4b93') in 0.004166 seconds
  Import took 0.008377 seconds .

========================================================================
Received Prepare
Registering precompiled user dll's ...
Registered in 0.001530 seconds.
Begin MonoManager ReloadAssembly
Native extension for WindowsStandalone target not found
Refreshing native plugins compatible for Editor in 0.73 ms, found 0 plugins.
Preloading 0 native plugins for Editor in 0.00 ms.
Invoked RoslynAnalysisRunner static constructor.
RoslynAnalysisRunner will not be running.
RoslynAnalysisRunner has terminated.
Mono: successfully reloaded assembly
- Completed reload, in  1.843 seconds
Platform modules already initialized, skipping
Shader 'Universal Render Pipeline/Particles/Lit': fallback shader 'Universal Render Pipeline/Particles/SimpleLit' not found
Shader 'Universal Render Pipeline/Particles/Lit': fallback shader 'Universal Render Pipeline/Particles/SimpleLit' not found
Refreshing native plugins compatible for Editor in 0.46 ms, found 0 plugins.
Preloading 0 native plugins for Editor in 0.00 ms.
Unloading 2420 Unused Serialized files (Serialized files now loaded: 0)
System memory in use before: 131.7 MB.
System memory in use after: 130.0 MB.

Unloading 36 unused Assets to reduce memory usage. Loaded Objects now: 3020.
Total: 3.795500 ms (FindLiveObjects: 0.406700 ms CreateObjectMapping: 0.150300 ms MarkObjects: 2.065400 ms  DeleteObjects: 1.171800 ms)

========================================================================
Received Import Request.
  Time since last request: 949.562151 seconds.
  path: Assets/Scripts/Enemy.cs
  artifactKey: Guid(56c981cc8b548fb45a5e30a050745bdd) Importer(815301076,1909f56bfc062723c751e8b465ee728b)
Start importing Assets/Scripts/Enemy.cs using Guid(56c981cc8b548fb45a5e30a050745bdd) Importer(815301076,1909f56bfc062723c751e8b465ee728b)  -> (artifact id: '37c547dbab24553664a1f51c3422f617') in 0.005418 seconds
  Import took 0.009336 seconds .

========================================================================
Received Prepare
Registering precompiled user dll's ...
Registered in 0.001484 seconds.
Begin MonoManager ReloadAssembly
Native extension for WindowsStandalone target not found
Refreshing native plugins compatible for Editor in 1.38 ms, found 0 plugins.
Preloading 0 native plugins for Editor in 0.00 ms.
Invoked RoslynAnalysisRunner static constructor.
RoslynAnalysisRunner will not be running.
RoslynAnalysisRunner has terminated.
Mono: successfully reloaded assembly
- Completed reload, in  4.554 seconds
Platform modules already initialized, skipping
Shader 'Universal Render Pipeline/Particles/Lit': fallback shader 'Universal Render Pipeline/Particles/SimpleLit' not found
Shader 'Universal Render Pipeline/Particles/Lit': fallback shader 'Universal Render Pipeline/Particles/SimpleLit' not found
Refreshing native plugins compatible for Editor in 0.46 ms, found 0 plugins.
Preloading 0 native plugins for Editor in 0.00 ms.
Unloading 2454 Unused Serialized files (Serialized files now loaded: 0)
System memory in use before: 132.6 MB.
System memory in use after: 130.9 MB.

Unloading 36 unused Assets to reduce memory usage. Loaded Objects now: 3056.
Total: 3.707200 ms (FindLiveObjects: 0.282600 ms CreateObjectMapping: 0.140900 ms MarkObjects: 1.825100 ms  DeleteObjects: 1.457300 ms)

========================================================================
Received Import Request.
  Time since last request: 870.356413 seconds.
  path: Assets/Materials/Health.png
  artifactKey: Guid(060be37dd3236dc4396992ad46916117) Importer(815301076,1909f56bfc062723c751e8b465ee728b)
Start importing Assets/Materials/Health.png using Guid(060be37dd3236dc4396992ad46916117) Importer(815301076,1909f56bfc062723c751e8b465ee728b)  -> (artifact id: '45ff0d2b3870bf79c96ae82495da2c0e') in 0.189147 seconds
  Import took 0.366022 seconds .

========================================================================
Received Import Request.
  Time since last request: 225.284821 seconds.
  path: Assets/Scripts/Health.cs
  artifactKey: Guid(4dbecac5332d1da498ece4f282300f23) Importer(815301076,1909f56bfc062723c751e8b465ee728b)
Start importing Assets/Scripts/Health.cs using Guid(4dbecac5332d1da498ece4f282300f23) Importer(815301076,1909f56bfc062723c751e8b465ee728b)  -> (artifact id: 'd019327270e1f4d8e5d49d865b1147e7') in 0.012000 seconds
  Import took 0.021390 seconds .

========================================================================
Received Prepare
Registering precompiled user dll's ...
Registered in 0.001312 seconds.
Begin MonoManager ReloadAssembly
Native extension for WindowsStandalone target not found
Refreshing native plugins compatible for Editor in 0.63 ms, found 0 plugins.
Preloading 0 native plugins for Editor in 0.00 ms.
Invoked RoslynAnalysisRunner static constructor.
RoslynAnalysisRunner will not be running.
RoslynAnalysisRunner has terminated.
Mono: successfully reloaded assembly
- Completed reload, in  1.601 seconds
Platform modules already initialized, skipping
Shader 'Universal Render Pipeline/Particles/Lit': fallback shader 'Universal Render Pipeline/Particles/SimpleLit' not found
Shader 'Universal Render Pipeline/Particles/Lit': fallback shader 'Universal Render Pipeline/Particles/SimpleLit' not found
Refreshing native plugins compatible for Editor in 0.42 ms, found 0 plugins.
Preloading 0 native plugins for Editor in 0.00 ms.
Unloading 2455 Unused Serialized files (Serialized files now loaded: 0)
System memory in use before: 132.8 MB.
System memory in use after: 131.1 MB.

Unloading 36 unused Assets to reduce memory usage. Loaded Objects now: 3062.
Total: 7.998900 ms (FindLiveObjects: 0.553100 ms CreateObjectMapping: 0.262000 ms MarkObjects: 5.590800 ms  DeleteObjects: 1.590700 ms)

========================================================================
Received Prepare
Registering precompiled user dll's ...
Registered in 0.001279 seconds.
Begin MonoManager ReloadAssembly
Native extension for WindowsStandalone target not found
Refreshing native plugins compatible for Editor in 0.45 ms, found 0 plugins.
Preloading 0 native plugins for Editor in 0.00 ms.
Invoked RoslynAnalysisRunner static constructor.
RoslynAnalysisRunner will not be running.
RoslynAnalysisRunner has terminated.
Mono: successfully reloaded assembly
- Completed reload, in  1.878 seconds
Platform modules already initialized, skipping
Shader 'Universal Render Pipeline/Particles/Lit': fallback shader 'Universal Render Pipeline/Particles/SimpleLit' not found
Shader 'Universal Render Pipeline/Particles/Lit': fallback shader 'Universal Render Pipeline/Particles/SimpleLit' not found
Refreshing native plugins compatible for Editor in 0.48 ms, found 0 plugins.
Preloading 0 native plugins for Editor in 0.00 ms.
Unloading 2455 Unused Serialized files (Serialized files now loaded: 0)
System memory in use before: 132.8 MB.
System memory in use after: 131.1 MB.

Unloading 36 unused Assets to reduce memory usage. Loaded Objects now: 3064.
Total: 3.822300 ms (FindLiveObjects: 0.402700 ms CreateObjectMapping: 0.139400 ms MarkObjects: 1.771200 ms  DeleteObjects: 1.507700 ms)

========================================================================
Received Import Request.
  Time since last request: 179.256309 seconds.
  path: Assets/ScriptableOjbects/Player Data.asset
  artifactKey: Guid(2c671ebc10b95d6418467bd7df044ec6) Importer(815301076,1909f56bfc062723c751e8b465ee728b)
Start importing Assets/ScriptableOjbects/Player Data.asset using Guid(2c671ebc10b95d6418467bd7df044ec6) Importer(815301076,1909f56bfc062723c751e8b465ee728b)  -> (artifact id: 'c7e14991afe33355b78381461685cf04') in 0.321361 seconds
  Import took 0.330172 seconds .

========================================================================
Received Prepare
Registering precompiled user dll's ...
Registered in 0.001955 seconds.
Begin MonoManager ReloadAssembly
Native extension for WindowsStandalone target not found
Refreshing native plugins compatible for Editor in 0.71 ms, found 0 plugins.
Preloading 0 native plugins for Editor in 0.00 ms.
Invoked RoslynAnalysisRunner static constructor.
RoslynAnalysisRunner will not be running.
RoslynAnalysisRunner has terminated.
Mono: successfully reloaded assembly
- Completed reload, in  2.322 seconds
Platform modules already initialized, skipping
Shader 'Universal Render Pipeline/Particles/Lit': fallback shader 'Universal Render Pipeline/Particles/SimpleLit' not found
Shader 'Universal Render Pipeline/Particles/Lit': fallback shader 'Universal Render Pipeline/Particles/SimpleLit' not found
Refreshing native plugins compatible for Editor in 0.46 ms, found 0 plugins.
Preloading 0 native plugins for Editor in 0.00 ms.
Unloading 2455 Unused Serialized files (Serialized files now loaded: 0)
System memory in use before: 132.8 MB.
System memory in use after: 131.1 MB.

Unloading 36 unused Assets to reduce memory usage. Loaded Objects now: 3066.
Total: 3.526600 ms (FindLiveObjects: 0.262700 ms CreateObjectMapping: 0.122700 ms MarkObjects: 2.023200 ms  DeleteObjects: 1.117200 ms)

========================================================================
Received Prepare
Registering precompiled user dll's ...
Registered in 0.001369 seconds.
Begin MonoManager ReloadAssembly
Native extension for WindowsStandalone target not found
Refreshing native plugins compatible for Editor in 1.00 ms, found 0 plugins.
Preloading 0 native plugins for Editor in 0.00 ms.
Invoked RoslynAnalysisRunner static constructor.
RoslynAnalysisRunner will not be running.
RoslynAnalysisRunner has terminated.
Mono: successfully reloaded assembly
- Completed reload, in  2.089 seconds
Platform modules already initialized, skipping
Shader 'Universal Render Pipeline/Particles/Lit': fallback shader 'Universal Render Pipeline/Particles/SimpleLit' not found
Shader 'Universal Render Pipeline/Particles/Lit': fallback shader 'Universal Render Pipeline/Particles/SimpleLit' not found
Refreshing native plugins compatible for Editor in 0.46 ms, found 0 plugins.
Preloading 0 native plugins for Editor in 0.00 ms.
Unloading 2455 Unused Serialized files (Serialized files now loaded: 0)
System memory in use before: 133.7 MB.
System memory in use after: 132.0 MB.

Unloading 36 unused Assets to reduce memory usage. Loaded Objects now: 3068.
Total: 3.212600 ms (FindLiveObjects: 0.277300 ms CreateObjectMapping: 0.127900 ms MarkObjects: 1.659000 ms  DeleteObjects: 1.147500 ms)

========================================================================
Received Prepare
Registering precompiled user dll's ...
Registered in 0.001199 seconds.
Begin MonoManager ReloadAssembly
Native extension for WindowsStandalone target not found
Refreshing native plugins compatible for Editor in 0.71 ms, found 0 plugins.
Preloading 0 native plugins for Editor in 0.00 ms.
Invoked RoslynAnalysisRunner static constructor.
RoslynAnalysisRunner will not be running.
RoslynAnalysisRunner has terminated.
Mono: successfully reloaded assembly
- Completed reload, in  1.776 seconds
Platform modules already initialized, skipping
Shader 'Universal Render Pipeline/Particles/Lit': fallback shader 'Universal Render Pipeline/Particles/SimpleLit' not found
Shader 'Universal Render Pipeline/Particles/Lit': fallback shader 'Universal Render Pipeline/Particles/SimpleLit' not found
Refreshing native plugins compatible for Editor in 0.43 ms, found 0 plugins.
Preloading 0 native plugins for Editor in 0.00 ms.
Unloading 2455 Unused Serialized files (Serialized files now loaded: 0)
System memory in use before: 132.7 MB.
System memory in use after: 131.0 MB.

Unloading 36 unused Assets to reduce memory usage. Loaded Objects now: 3070.
Total: 4.054300 ms (FindLiveObjects: 0.268500 ms CreateObjectMapping: 0.115300 ms MarkObjects: 2.304900 ms  DeleteObjects: 1.364400 ms)

========================================================================
Received Prepare
Registering precompiled user dll's ...
Registered in 0.001251 seconds.
Begin MonoManager ReloadAssembly
Native extension for WindowsStandalone target not found
Refreshing native plugins compatible for Editor in 0.58 ms, found 0 plugins.
Preloading 0 native plugins for Editor in 0.00 ms.
Invoked RoslynAnalysisRunner static constructor.
RoslynAnalysisRunner will not be running.
RoslynAnalysisRunner has terminated.
Mono: successfully reloaded assembly
- Completed reload, in  1.527 seconds
Platform modules already initialized, skipping
Shader 'Universal Render Pipeline/Particles/Lit': fallback shader 'Universal Render Pipeline/Particles/SimpleLit' not found
Shader 'Universal Render Pipeline/Particles/Lit': fallback shader 'Universal Render Pipeline/Particles/SimpleLit' not found
Refreshing native plugins compatible for Editor in 0.47 ms, found 0 plugins.
Preloading 0 native plugins for Editor in 0.00 ms.
Unloading 2455 Unused Serialized files (Serialized files now loaded: 0)
System memory in use before: 132.8 MB.
System memory in use after: 131.1 MB.

Unloading 36 unused Assets to reduce memory usage. Loaded Objects now: 3072.
Total: 3.523500 ms (FindLiveObjects: 0.315500 ms CreateObjectMapping: 0.118800 ms MarkObjects: 1.934400 ms  DeleteObjects: 1.153600 ms)

========================================================================
Received Prepare
Registering precompiled user dll's ...
Registered in 0.001220 seconds.
Begin MonoManager ReloadAssembly
Native extension for WindowsStandalone target not found
Refreshing native plugins compatible for Editor in 0.42 ms, found 0 plugins.
Preloading 0 native plugins for Editor in 0.00 ms.
Invoked RoslynAnalysisRunner static constructor.
RoslynAnalysisRunner will not be running.
RoslynAnalysisRunner has terminated.
Mono: successfully reloaded assembly
- Completed reload, in  1.562 seconds
Platform modules already initialized, skipping
Shader 'Universal Render Pipeline/Particles/Lit': fallback shader 'Universal Render Pipeline/Particles/SimpleLit' not found
Shader 'Universal Render Pipeline/Particles/Lit': fallback shader 'Universal Render Pipeline/Particles/SimpleLit' not found
Refreshing native plugins compatible for Editor in 0.49 ms, found 0 plugins.
Preloading 0 native plugins for Editor in 0.00 ms.
Unloading 2455 Unused Serialized files (Serialized files now loaded: 0)
System memory in use before: 132.8 MB.
System memory in use after: 131.1 MB.

Unloading 36 unused Assets to reduce memory usage. Loaded Objects now: 3074.
Total: 4.666500 ms (FindLiveObjects: 0.431200 ms CreateObjectMapping: 0.158100 ms MarkObjects: 2.444000 ms  DeleteObjects: 1.631600 ms)

========================================================================
Received Prepare
Registering precompiled user dll's ...
Registered in 0.001193 seconds.
Begin MonoManager ReloadAssembly
Native extension for WindowsStandalone target not found
Refreshing native plugins compatible for Editor in 0.42 ms, found 0 plugins.
Preloading 0 native plugins for Editor in 0.00 ms.
Invoked RoslynAnalysisRunner static constructor.
RoslynAnalysisRunner will not be running.
RoslynAnalysisRunner has terminated.
Mono: successfully reloaded assembly
- Completed reload, in  1.650 seconds
Platform modules already initialized, skipping
Shader 'Universal Render Pipeline/Particles/Lit': fallback shader 'Universal Render Pipeline/Particles/SimpleLit' not found
Shader 'Universal Render Pipeline/Particles/Lit': fallback shader 'Universal Render Pipeline/Particles/SimpleLit' not found
Refreshing native plugins compatible for Editor in 0.44 ms, found 0 plugins.
Preloading 0 native plugins for Editor in 0.00 ms.
Unloading 2455 Unused Serialized files (Serialized files now loaded: 0)
System memory in use before: 132.8 MB.
System memory in use after: 131.1 MB.

Unloading 36 unused Assets to reduce memory usage. Loaded Objects now: 3076.
Total: 3.917000 ms (FindLiveObjects: 0.294700 ms CreateObjectMapping: 0.189700 ms MarkObjects: 2.357000 ms  DeleteObjects: 1.074900 ms)

========================================================================
Received Prepare
Registering precompiled user dll's ...
Registered in 0.002666 seconds.
Begin MonoManager ReloadAssembly
Native extension for WindowsStandalone target not found
Refreshing native plugins compatible for Editor in 0.42 ms, found 0 plugins.
Preloading 0 native plugins for Editor in 0.00 ms.
Invoked RoslynAnalysisRunner static constructor.
RoslynAnalysisRunner will not be running.
RoslynAnalysisRunner has terminated.
Mono: successfully reloaded assembly
- Completed reload, in  1.390 seconds
Platform modules already initialized, skipping
Shader 'Universal Render Pipeline/Particles/Lit': fallback shader 'Universal Render Pipeline/Particles/SimpleLit' not found
Shader 'Universal Render Pipeline/Particles/Lit': fallback shader 'Universal Render Pipeline/Particles/SimpleLit' not found
Refreshing native plugins compatible for Editor in 0.46 ms, found 0 plugins.
Preloading 0 native plugins for Editor in 0.00 ms.
Unloading 2455 Unused Serialized files (Serialized files now loaded: 0)
System memory in use before: 132.8 MB.
System memory in use after: 131.1 MB.

Unloading 36 unused Assets to reduce memory usage. Loaded Objects now: 3078.
Total: 3.411700 ms (FindLiveObjects: 0.303900 ms CreateObjectMapping: 0.157100 ms MarkObjects: 1.864000 ms  DeleteObjects: 1.085600 ms)

========================================================================
Received Import Request.
  Time since last request: 831.570234 seconds.
  path: Assets/Prefab/Enemy.prefab
  artifactKey: Guid(8b9ce3e3d8f51b344b553a10634b66c8) Importer(815301076,1909f56bfc062723c751e8b465ee728b)
Start importing Assets/Prefab/Enemy.prefab using Guid(8b9ce3e3d8f51b344b553a10634b66c8) Importer(815301076,1909f56bfc062723c751e8b465ee728b)  -> (artifact id: '9968c0387d09fcb1695f518cab7b5a52') in 0.569185 seconds
  Import took 0.575247 seconds .

========================================================================
Received Import Request.
  Time since last request: 0.000322 seconds.
  path: Assets/Prefab/Spirit.prefab
  artifactKey: Guid(88eab9d325fc25f46ac08509f4fa8b35) Importer(815301076,1909f56bfc062723c751e8b465ee728b)
Start importing Assets/Prefab/Spirit.prefab using Guid(88eab9d325fc25f46ac08509f4fa8b35) Importer(815301076,1909f56bfc062723c751e8b465ee728b)  -> (artifact id: 'a7de59bd49089cae7d5bc0e986e26621') in 0.025081 seconds
  Import took 0.030495 seconds .

========================================================================
Received Import Request.
  Time since last request: 0.003908 seconds.
  path: Assets/Prefab/Spirit.prefab
  artifactKey: Guid(88eab9d325fc25f46ac08509f4fa8b35) Importer(815301076,1909f56bfc062723c751e8b465ee728b)
Start importing Assets/Prefab/Spirit.prefab using Guid(88eab9d325fc25f46ac08509f4fa8b35) Importer(815301076,1909f56bfc062723c751e8b465ee728b)  -> (artifact id: 'a7de59bd49089cae7d5bc0e986e26621') in 0.010463 seconds
  Import took 0.014691 seconds .

========================================================================
Received Import Request.
  Time since last request: 35.251836 seconds.
  path: Assets/Prefab/Enemy.prefab
  artifactKey: Guid(8b9ce3e3d8f51b344b553a10634b66c8) Importer(815301076,1909f56bfc062723c751e8b465ee728b)
Start importing Assets/Prefab/Enemy.prefab using Guid(8b9ce3e3d8f51b344b553a10634b66c8) Importer(815301076,1909f56bfc062723c751e8b465ee728b)  -> (artifact id: 'db15a2a001576daee577eefc3a2d1c04') in 0.025823 seconds
  Import took 0.030324 seconds .

========================================================================
Received Import Request.
  Time since last request: 6.582732 seconds.
  path: Assets/Prefab/Enemy.prefab
  artifactKey: Guid(8b9ce3e3d8f51b344b553a10634b66c8) Importer(815301076,1909f56bfc062723c751e8b465ee728b)
Start importing Assets/Prefab/Enemy.prefab using Guid(8b9ce3e3d8f51b344b553a10634b66c8) Importer(815301076,1909f56bfc062723c751e8b465ee728b)  -> (artifact id: '79ee1cb01c6d28cd6953c1f186e020cd') in 0.042196 seconds
  Import took 0.046544 seconds .

========================================================================
Received Import Request.
  Time since last request: 2.112946 seconds.
  path: Assets/Prefab/Enemy.prefab
  artifactKey: Guid(8b9ce3e3d8f51b344b553a10634b66c8) Importer(815301076,1909f56bfc062723c751e8b465ee728b)
Start importing Assets/Prefab/Enemy.prefab using Guid(8b9ce3e3d8f51b344b553a10634b66c8) Importer(815301076,1909f56bfc062723c751e8b465ee728b)  -> (artifact id: 'aba67ea6623592dda022fd6e81938ccf') in 0.058499 seconds
  Import took 0.071432 seconds .

========================================================================
Received Import Request.
  Time since last request: 3.943658 seconds.
  path: Assets/Prefab/Enemy.prefab
  artifactKey: Guid(8b9ce3e3d8f51b344b553a10634b66c8) Importer(815301076,1909f56bfc062723c751e8b465ee728b)
Start importing Assets/Prefab/Enemy.prefab using Guid(8b9ce3e3d8f51b344b553a10634b66c8) Importer(815301076,1909f56bfc062723c751e8b465ee728b)  -> (artifact id: 'c88887e1e4087e39264f97450251e093') in 0.043618 seconds
  Import took 0.050527 seconds .

========================================================================
Received Import Request.
  Time since last request: 4.031618 seconds.
  path: Assets/Prefab/Enemy.prefab
  artifactKey: Guid(8b9ce3e3d8f51b344b553a10634b66c8) Importer(815301076,1909f56bfc062723c751e8b465ee728b)
Start importing Assets/Prefab/Enemy.prefab using Guid(8b9ce3e3d8f51b344b553a10634b66c8) Importer(815301076,1909f56bfc062723c751e8b465ee728b)  -> (artifact id: '67aa004b2283ad4f4a30647a0edfe117') in 0.135236 seconds
  Import took 0.153553 seconds .

========================================================================
Received Import Request.
  Time since last request: 3.434258 seconds.
  path: Assets/Prefab/Enemy.prefab
  artifactKey: Guid(8b9ce3e3d8f51b344b553a10634b66c8) Importer(815301076,1909f56bfc062723c751e8b465ee728b)
Start importing Assets/Prefab/Enemy.prefab using Guid(8b9ce3e3d8f51b344b553a10634b66c8) Importer(815301076,1909f56bfc062723c751e8b465ee728b)  -> (artifact id: '9b2ea93f964ae9c09fea8679c0f27890') in 0.029941 seconds
  Import took 0.034795 seconds .

========================================================================
Received Import Request.
  Time since last request: 6.686367 seconds.
  path: Assets/Prefab/Enemy.prefab
  artifactKey: Guid(8b9ce3e3d8f51b344b553a10634b66c8) Importer(815301076,1909f56bfc062723c751e8b465ee728b)
Start importing Assets/Prefab/Enemy.prefab using Guid(8b9ce3e3d8f51b344b553a10634b66c8) Importer(815301076,1909f56bfc062723c751e8b465ee728b)  -> (artifact id: 'f6666f77d9fa1f553af462c797afd326') in 0.025478 seconds
  Import took 0.029789 seconds .

========================================================================
Received Import Request.
  Time since last request: 5.619643 seconds.
  path: Assets/Prefab/Enemy.prefab
  artifactKey: Guid(8b9ce3e3d8f51b344b553a10634b66c8) Importer(815301076,1909f56bfc062723c751e8b465ee728b)
Start importing Assets/Prefab/Enemy.prefab using Guid(8b9ce3e3d8f51b344b553a10634b66c8) Importer(815301076,1909f56bfc062723c751e8b465ee728b)  -> (artifact id: '04982ccffba874de28d6a8e000dff808') in 0.042960 seconds
  Import took 0.051678 seconds .

========================================================================
Received Import Request.
  Time since last request: 11.502138 seconds.
  path: Assets/Prefab/Enemy.prefab
  artifactKey: Guid(8b9ce3e3d8f51b344b553a10634b66c8) Importer(815301076,1909f56bfc062723c751e8b465ee728b)
Start importing Assets/Prefab/Enemy.prefab using Guid(8b9ce3e3d8f51b344b553a10634b66c8) Importer(815301076,1909f56bfc062723c751e8b465ee728b)  -> (artifact id: '4bacdb1ed394d79df53c7df2c99a2823') in 0.032156 seconds
  Import took 0.037761 seconds .

========================================================================
Received Import Request.
  Time since last request: 2.069921 seconds.
  path: Assets/Prefab/Enemy.prefab
  artifactKey: Guid(8b9ce3e3d8f51b344b553a10634b66c8) Importer(815301076,1909f56bfc062723c751e8b465ee728b)
Start importing Assets/Prefab/Enemy.prefab using Guid(8b9ce3e3d8f51b344b553a10634b66c8) Importer(815301076,1909f56bfc062723c751e8b465ee728b)  -> (artifact id: '1e48e95bb36b1ed7fbc16a987ba787b8') in 0.022493 seconds
  Import took 0.030243 seconds .

========================================================================
Received Import Request.
  Time since last request: 4.667108 seconds.
  path: Assets/Prefab/Enemy.prefab
  artifactKey: Guid(8b9ce3e3d8f51b344b553a10634b66c8) Importer(815301076,1909f56bfc062723c751e8b465ee728b)
Start importing Assets/Prefab/Enemy.prefab using Guid(8b9ce3e3d8f51b344b553a10634b66c8) Importer(815301076,1909f56bfc062723c751e8b465ee728b)  -> (artifact id: 'a6d2d44312e7750c67cddf7452a8a4d7') in 0.050706 seconds
  Import took 0.059617 seconds .

========================================================================
Received Prepare
Registering precompiled user dll's ...
Registered in 0.001370 seconds.
Begin MonoManager ReloadAssembly
Native extension for WindowsStandalone target not found
Refreshing native plugins compatible for Editor in 0.42 ms, found 0 plugins.
Preloading 0 native plugins for Editor in 0.00 ms.
Invoked RoslynAnalysisRunner static constructor.
RoslynAnalysisRunner will not be running.
RoslynAnalysisRunner has terminated.
Mono: successfully reloaded assembly
- Completed reload, in  1.375 seconds
Platform modules already initialized, skipping
Shader 'Universal Render Pipeline/Particles/Lit': fallback shader 'Universal Render Pipeline/Particles/SimpleLit' not found
Shader 'Universal Render Pipeline/Particles/Lit': fallback shader 'Universal Render Pipeline/Particles/SimpleLit' not found
Refreshing native plugins compatible for Editor in 0.42 ms, found 0 plugins.
Preloading 0 native plugins for Editor in 0.00 ms.
Unloading 2455 Unused Serialized files (Serialized files now loaded: 0)
System memory in use before: 133.0 MB.
System memory in use after: 131.3 MB.

Unloading 36 unused Assets to reduce memory usage. Loaded Objects now: 3117.
Total: 3.396400 ms (FindLiveObjects: 0.323000 ms CreateObjectMapping: 0.155400 ms MarkObjects: 1.852100 ms  DeleteObjects: 1.064900 ms)

========================================================================
Received Prepare
Registering precompiled user dll's ...
Registered in 0.001320 seconds.
Begin MonoManager ReloadAssembly
Native extension for WindowsStandalone target not found
Refreshing native plugins compatible for Editor in 0.65 ms, found 0 plugins.
Preloading 0 native plugins for Editor in 0.00 ms.
Invoked RoslynAnalysisRunner static constructor.
RoslynAnalysisRunner will not be running.
RoslynAnalysisRunner has terminated.
Mono: successfully reloaded assembly
- Completed reload, in  1.937 seconds
Platform modules already initialized, skipping
Shader 'Universal Render Pipeline/Particles/Lit': fallback shader 'Universal Render Pipeline/Particles/SimpleLit' not found
Shader 'Universal Render Pipeline/Particles/Lit': fallback shader 'Universal Render Pipeline/Particles/SimpleLit' not found
Refreshing native plugins compatible for Editor in 0.42 ms, found 0 plugins.
Preloading 0 native plugins for Editor in 0.00 ms.
Unloading 2455 Unused Serialized files (Serialized files now loaded: 0)
System memory in use before: 133.1 MB.
System memory in use after: 131.4 MB.

Unloading 36 unused Assets to reduce memory usage. Loaded Objects now: 3119.
Total: 4.264200 ms (FindLiveObjects: 0.417500 ms CreateObjectMapping: 0.170600 ms MarkObjects: 2.028600 ms  DeleteObjects: 1.646400 ms)

========================================================================
Received Prepare
Registering precompiled user dll's ...
Registered in 0.001333 seconds.
Begin MonoManager ReloadAssembly
Native extension for WindowsStandalone target not found
Refreshing native plugins compatible for Editor in 0.89 ms, found 0 plugins.
Preloading 0 native plugins for Editor in 0.00 ms.
Invoked RoslynAnalysisRunner static constructor.
RoslynAnalysisRunner will not be running.
RoslynAnalysisRunner has terminated.
Mono: successfully reloaded assembly
- Completed reload, in  2.044 seconds
Platform modules already initialized, skipping
Shader 'Universal Render Pipeline/Particles/Lit': fallback shader 'Universal Render Pipeline/Particles/SimpleLit' not found
Shader 'Universal Render Pipeline/Particles/Lit': fallback shader 'Universal Render Pipeline/Particles/SimpleLit' not found
Refreshing native plugins compatible for Editor in 0.42 ms, found 0 plugins.
Preloading 0 native plugins for Editor in 0.00 ms.
Unloading 2455 Unused Serialized files (Serialized files now loaded: 0)
System memory in use before: 133.1 MB.
System memory in use after: 131.4 MB.

Unloading 36 unused Assets to reduce memory usage. Loaded Objects now: 3121.
Total: 3.701600 ms (FindLiveObjects: 0.430900 ms CreateObjectMapping: 0.177300 ms MarkObjects: 1.982500 ms  DeleteObjects: 1.109900 ms)

========================================================================
Received Import Request.
  Time since last request: 233.701523 seconds.
  path: Assets/Prefab/Enemy.prefab
  artifactKey: Guid(8b9ce3e3d8f51b344b553a10634b66c8) Importer(815301076,1909f56bfc062723c751e8b465ee728b)
Start importing Assets/Prefab/Enemy.prefab using Guid(8b9ce3e3d8f51b344b553a10634b66c8) Importer(815301076,1909f56bfc062723c751e8b465ee728b)  -> (artifact id: '7f854cc7f791032af6a4b4bd1774a14d') in 0.220114 seconds
  Import took 0.233626 seconds .

========================================================================
Received Import Request.
  Time since last request: 7.100858 seconds.
  path: Assets/Prefab/Enemy.prefab
  artifactKey: Guid(8b9ce3e3d8f51b344b553a10634b66c8) Importer(815301076,1909f56bfc062723c751e8b465ee728b)
Start importing Assets/Prefab/Enemy.prefab using Guid(8b9ce3e3d8f51b344b553a10634b66c8) Importer(815301076,1909f56bfc062723c751e8b465ee728b)  -> (artifact id: '8a6e801bef9086596fc0ab8cd10b9ca1') in 0.035938 seconds
  Import took 0.043850 seconds .

========================================================================
Received Prepare
Registering precompiled user dll's ...
Registered in 0.001234 seconds.
Begin MonoManager ReloadAssembly
Native extension for WindowsStandalone target not found
Refreshing native plugins compatible for Editor in 0.56 ms, found 0 plugins.
Preloading 0 native plugins for Editor in 0.00 ms.
Invoked RoslynAnalysisRunner static constructor.
RoslynAnalysisRunner will not be running.
RoslynAnalysisRunner has terminated.
Mono: successfully reloaded assembly
- Completed reload, in  2.261 seconds
Platform modules already initialized, skipping
Shader 'Universal Render Pipeline/Particles/Lit': fallback shader 'Universal Render Pipeline/Particles/SimpleLit' not found
Shader 'Universal Render Pipeline/Particles/Lit': fallback shader 'Universal Render Pipeline/Particles/SimpleLit' not found
Refreshing native plugins compatible for Editor in 0.68 ms, found 0 plugins.
Preloading 0 native plugins for Editor in 0.00 ms.
Unloading 2456 Unused Serialized files (Serialized files now loaded: 0)
System memory in use before: 133.1 MB.
System memory in use after: 131.5 MB.

Unloading 36 unused Assets to reduce memory usage. Loaded Objects now: 3160.
Total: 6.306200 ms (FindLiveObjects: 0.489800 ms CreateObjectMapping: 0.177800 ms MarkObjects: 4.061000 ms  DeleteObjects: 1.575300 ms)

========================================================================
Received Import Request.
  Time since last request: 60.516761 seconds.
  path: Assets/Prefab/Enemy.prefab
  artifactKey: Guid(8b9ce3e3d8f51b344b553a10634b66c8) Importer(815301076,1909f56bfc062723c751e8b465ee728b)
Start importing Assets/Prefab/Enemy.prefab using Guid(8b9ce3e3d8f51b344b553a10634b66c8) Importer(815301076,1909f56bfc062723c751e8b465ee728b)  -> (artifact id: '9d7704af1a21ea8ac272a900fac2628d') in 0.417258 seconds
  Import took 0.430913 seconds .

========================================================================
Received Prepare
Registering precompiled user dll's ...
Registered in 0.001716 seconds.
Begin MonoManager ReloadAssembly
Native extension for WindowsStandalone target not found
Refreshing native plugins compatible for Editor in 0.68 ms, found 0 plugins.
Preloading 0 native plugins for Editor in 0.00 ms.
Invoked RoslynAnalysisRunner static constructor.
RoslynAnalysisRunner will not be running.
RoslynAnalysisRunner has terminated.
Mono: successfully reloaded assembly
- Completed reload, in  2.281 seconds
Platform modules already initialized, skipping
Shader 'Universal Render Pipeline/Particles/Lit': fallback shader 'Universal Render Pipeline/Particles/SimpleLit' not found
Shader 'Universal Render Pipeline/Particles/Lit': fallback shader 'Universal Render Pipeline/Particles/SimpleLit' not found
Refreshing native plugins compatible for Editor in 0.69 ms, found 0 plugins.
Preloading 0 native plugins for Editor in 0.00 ms.
Unloading 2456 Unused Serialized files (Serialized files now loaded: 0)
System memory in use before: 133.3 MB.
System memory in use after: 131.6 MB.

Unloading 36 unused Assets to reduce memory usage. Loaded Objects now: 3198.
Total: 6.221500 ms (FindLiveObjects: 0.501000 ms CreateObjectMapping: 0.224100 ms MarkObjects: 3.418800 ms  DeleteObjects: 2.075900 ms)

========================================================================
Received Prepare
Registering precompiled user dll's ...
Registered in 0.001222 seconds.
Begin MonoManager ReloadAssembly
Native extension for WindowsStandalone target not found
Refreshing native plugins compatible for Editor in 0.51 ms, found 0 plugins.
Preloading 0 native plugins for Editor in 0.00 ms.
Invoked RoslynAnalysisRunner static constructor.
RoslynAnalysisRunner will not be running.
RoslynAnalysisRunner has terminated.
Mono: successfully reloaded assembly
- Completed reload, in  1.944 seconds
Platform modules already initialized, skipping
Shader 'Universal Render Pipeline/Particles/Lit': fallback shader 'Universal Render Pipeline/Particles/SimpleLit' not found
Shader 'Universal Render Pipeline/Particles/Lit': fallback shader 'Universal Render Pipeline/Particles/SimpleLit' not found
Refreshing native plugins compatible for Editor in 1.40 ms, found 0 plugins.
Preloading 0 native plugins for Editor in 0.00 ms.
Unloading 2456 Unused Serialized files (Serialized files now loaded: 0)
System memory in use before: 133.2 MB.
System memory in use after: 131.6 MB.

Unloading 36 unused Assets to reduce memory usage. Loaded Objects now: 3200.
Total: 6.297700 ms (FindLiveObjects: 0.322700 ms CreateObjectMapping: 0.157600 ms MarkObjects: 3.364600 ms  DeleteObjects: 2.450900 ms)

========================================================================
Received Prepare
Registering precompiled user dll's ...
Registered in 0.001354 seconds.
Begin MonoManager ReloadAssembly
Native extension for WindowsStandalone target not found
Refreshing native plugins compatible for Editor in 0.44 ms, found 0 plugins.
Preloading 0 native plugins for Editor in 0.00 ms.
Invoked RoslynAnalysisRunner static constructor.
RoslynAnalysisRunner will not be running.
RoslynAnalysisRunner has terminated.
Mono: successfully reloaded assembly
- Completed reload, in  1.520 seconds
Platform modules already initialized, skipping
Shader 'Universal Render Pipeline/Particles/Lit': fallback shader 'Universal Render Pipeline/Particles/SimpleLit' not found
Shader 'Universal Render Pipeline/Particles/Lit': fallback shader 'Universal Render Pipeline/Particles/SimpleLit' not found
Refreshing native plugins compatible for Editor in 0.63 ms, found 0 plugins.
Preloading 0 native plugins for Editor in 0.00 ms.
Unloading 2456 Unused Serialized files (Serialized files now loaded: 0)
System memory in use before: 133.3 MB.
System memory in use after: 131.7 MB.

Unloading 36 unused Assets to reduce memory usage. Loaded Objects now: 3202.
Total: 8.833400 ms (FindLiveObjects: 0.365800 ms CreateObjectMapping: 0.162200 ms MarkObjects: 5.815800 ms  DeleteObjects: 2.487000 ms)

========================================================================
Received Import Request.
  Time since last request: 276.304582 seconds.
  path: Assets/ScriptableOjbects/Spawn Manager.asset
  artifactKey: Guid(734f4b48796c5b545b1abf7ca88fd5cc) Importer(815301076,1909f56bfc062723c751e8b465ee728b)
Start importing Assets/ScriptableOjbects/Spawn Manager.asset using Guid(734f4b48796c5b545b1abf7ca88fd5cc) Importer(815301076,1909f56bfc062723c751e8b465ee728b)  -> (artifact id: '981a4ad1e79b518eb31463ee9cf18571') in 0.023087 seconds
  Import took 0.028222 seconds .

========================================================================
Received Import Request.
  Time since last request: 0.000191 seconds.
  path: Assets/ScriptableOjbects/Player Data.asset
  artifactKey: Guid(2c671ebc10b95d6418467bd7df044ec6) Importer(815301076,1909f56bfc062723c751e8b465ee728b)
Start importing Assets/ScriptableOjbects/Player Data.asset using Guid(2c671ebc10b95d6418467bd7df044ec6) Importer(815301076,1909f56bfc062723c751e8b465ee728b)  -> (artifact id: 'e70450818947fafe86069ead24a8c534') in 0.015924 seconds
  Import took 0.023604 seconds .

========================================================================
Received Prepare
Registering precompiled user dll's ...
Registered in 0.001294 seconds.
Begin MonoManager ReloadAssembly
Native extension for WindowsStandalone target not found
Refreshing native plugins compatible for Editor in 0.46 ms, found 0 plugins.
Preloading 0 native plugins for Editor in 0.00 ms.
Invoked RoslynAnalysisRunner static constructor.
RoslynAnalysisRunner will not be running.
RoslynAnalysisRunner has terminated.
Mono: successfully reloaded assembly
- Completed reload, in  1.688 seconds
Platform modules already initialized, skipping
Shader 'Universal Render Pipeline/Particles/Lit': fallback shader 'Universal Render Pipeline/Particles/SimpleLit' not found
Shader 'Universal Render Pipeline/Particles/Lit': fallback shader 'Universal Render Pipeline/Particles/SimpleLit' not found
Refreshing native plugins compatible for Editor in 0.88 ms, found 0 plugins.
Preloading 0 native plugins for Editor in 0.00 ms.
Unloading 2457 Unused Serialized files (Serialized files now loaded: 0)
System memory in use before: 133.4 MB.
System memory in use after: 131.7 MB.

Unloading 36 unused Assets to reduce memory usage. Loaded Objects now: 3205.
Total: 3.609700 ms (FindLiveObjects: 0.340300 ms CreateObjectMapping: 0.148100 ms MarkObjects: 2.002700 ms  DeleteObjects: 1.117400 ms)

========================================================================
Received Import Request.
  Time since last request: 949.010580 seconds.
  path: Assets/Start.cs
  artifactKey: Guid(2a940c73330735742aef123ca75152e9) Importer(815301076,1909f56bfc062723c751e8b465ee728b)
Start importing Assets/Start.cs using Guid(2a940c73330735742aef123ca75152e9) Importer(815301076,1909f56bfc062723c751e8b465ee728b)  -> (artifact id: '7e05ed9b24b3001cb1bcf5a15878a168') in 0.009277 seconds
  Import took 0.014064 seconds .

========================================================================
Received Import Request.
  Time since last request: 3.750577 seconds.
  path: Assets/StartGame.cs
  artifactKey: Guid(2a940c73330735742aef123ca75152e9) Importer(815301076,1909f56bfc062723c751e8b465ee728b)
Start importing Assets/StartGame.cs using Guid(2a940c73330735742aef123ca75152e9) Importer(815301076,1909f56bfc062723c751e8b465ee728b)  -> (artifact id: 'a85ca7f7f2c11c602d42895a893357dd') in 0.016256 seconds
  Import took 0.023062 seconds .

========================================================================
Received Prepare
Registering precompiled user dll's ...
Registered in 0.002029 seconds.
Begin MonoManager ReloadAssembly
Native extension for WindowsStandalone target not found
Refreshing native plugins compatible for Editor in 0.41 ms, found 0 plugins.
Preloading 0 native plugins for Editor in 0.00 ms.
Invoked RoslynAnalysisRunner static constructor.
RoslynAnalysisRunner will not be running.
RoslynAnalysisRunner has terminated.
Mono: successfully reloaded assembly
- Completed reload, in  2.068 seconds
Platform modules already initialized, skipping
Shader 'Universal Render Pipeline/Particles/Lit': fallback shader 'Universal Render Pipeline/Particles/SimpleLit' not found
Shader 'Universal Render Pipeline/Particles/Lit': fallback shader 'Universal Render Pipeline/Particles/SimpleLit' not found
Refreshing native plugins compatible for Editor in 0.42 ms, found 0 plugins.
Preloading 0 native plugins for Editor in 0.00 ms.
Unloading 2457 Unused Serialized files (Serialized files now loaded: 0)
System memory in use before: 133.4 MB.
System memory in use after: 131.7 MB.

Unloading 36 unused Assets to reduce memory usage. Loaded Objects now: 3207.
Total: 3.802700 ms (FindLiveObjects: 0.525400 ms CreateObjectMapping: 0.220700 ms MarkObjects: 1.921100 ms  DeleteObjects: 1.133900 ms)

========================================================================
Received Prepare
Registering precompiled user dll's ...
Registered in 0.001950 seconds.
Begin MonoManager ReloadAssembly
Native extension for WindowsStandalone target not found
Refreshing native plugins compatible for Editor in 0.72 ms, found 0 plugins.
Preloading 0 native plugins for Editor in 0.00 ms.
Invoked RoslynAnalysisRunner static constructor.
RoslynAnalysisRunner will not be running.
RoslynAnalysisRunner has terminated.
Mono: successfully reloaded assembly
- Completed reload, in  1.686 seconds
Platform modules already initialized, skipping
Shader 'Universal Render Pipeline/Particles/Lit': fallback shader 'Universal Render Pipeline/Particles/SimpleLit' not found
Shader 'Universal Render Pipeline/Particles/Lit': fallback shader 'Universal Render Pipeline/Particles/SimpleLit' not found
Refreshing native plugins compatible for Editor in 0.47 ms, found 0 plugins.
Preloading 0 native plugins for Editor in 0.00 ms.
Unloading 2457 Unused Serialized files (Serialized files now loaded: 0)
System memory in use before: 133.4 MB.
System memory in use after: 131.7 MB.

Unloading 36 unused Assets to reduce memory usage. Loaded Objects now: 3209.
Total: 5.936300 ms (FindLiveObjects: 0.269800 ms CreateObjectMapping: 0.116300 ms MarkObjects: 1.959800 ms  DeleteObjects: 3.589500 ms)

========================================================================
Received Import Request.
  Time since last request: 78.480673 seconds.
  path: Assets/StartGame.cs
  artifactKey: Guid(2a940c73330735742aef123ca75152e9) Importer(815301076,1909f56bfc062723c751e8b465ee728b)
Start importing Assets/StartGame.cs using Guid(2a940c73330735742aef123ca75152e9) Importer(815301076,1909f56bfc062723c751e8b465ee728b)  -> (artifact id: '21953258be37fbff386bd81622cbd0ce') in 0.011990 seconds
  Import took 0.017576 seconds .

========================================================================
Received Import Request.
  Time since last request: 3.807068 seconds.
  path: Assets/EnemyAttack.cs
  artifactKey: Guid(c494e1ee1e836c745a0c6d0704e0dd52) Importer(815301076,1909f56bfc062723c751e8b465ee728b)
Start importing Assets/EnemyAttack.cs using Guid(c494e1ee1e836c745a0c6d0704e0dd52) Importer(815301076,1909f56bfc062723c751e8b465ee728b)  -> (artifact id: '9c69e421a0fecec2b2229d726ce4578e') in 0.006209 seconds
  Import took 0.010015 seconds .

========================================================================
Received Prepare
Registering precompiled user dll's ...
Registered in 0.001232 seconds.
Begin MonoManager ReloadAssembly
Native extension for WindowsStandalone target not found
Refreshing native plugins compatible for Editor in 0.44 ms, found 0 plugins.
Preloading 0 native plugins for Editor in 0.00 ms.
Invoked RoslynAnalysisRunner static constructor.
RoslynAnalysisRunner will not be running.
RoslynAnalysisRunner has terminated.
Mono: successfully reloaded assembly
- Completed reload, in  1.423 seconds
Platform modules already initialized, skipping
Shader 'Universal Render Pipeline/Particles/Lit': fallback shader 'Universal Render Pipeline/Particles/SimpleLit' not found
Shader 'Universal Render Pipeline/Particles/Lit': fallback shader 'Universal Render Pipeline/Particles/SimpleLit' not found
Refreshing native plugins compatible for Editor in 0.74 ms, found 0 plugins.
Preloading 0 native plugins for Editor in 0.00 ms.
Unloading 2457 Unused Serialized files (Serialized files now loaded: 0)
System memory in use before: 133.3 MB.
System memory in use after: 131.6 MB.

Unloading 36 unused Assets to reduce memory usage. Loaded Objects now: 3211.
Total: 6.526400 ms (FindLiveObjects: 0.468900 ms CreateObjectMapping: 0.229800 ms MarkObjects: 3.056800 ms  DeleteObjects: 2.769500 ms)

========================================================================
Received Import Request.
  Time since last request: 590.052029 seconds.
  path: ProjectSettings/TagManager.asset
  artifactKey: Guid(00000000000000003000000000000000) Importer(815301076,1909f56bfc062723c751e8b465ee728b)
Start importing ProjectSettings/TagManager.asset using Guid(00000000000000003000000000000000) Importer(815301076,1909f56bfc062723c751e8b465ee728b)  -> (artifact id: '344df1854e522ac1e62d1e56ff7a11dc') in 0.027488 seconds
  Import took 0.034200 seconds .

========================================================================
Received Prepare
Registering precompiled user dll's ...
Registered in 0.001232 seconds.
Begin MonoManager ReloadAssembly
Native extension for WindowsStandalone target not found
Refreshing native plugins compatible for Editor in 0.43 ms, found 0 plugins.
Preloading 0 native plugins for Editor in 0.00 ms.
Invoked RoslynAnalysisRunner static constructor.
RoslynAnalysisRunner will not be running.
RoslynAnalysisRunner has terminated.
Mono: successfully reloaded assembly
- Completed reload, in  1.795 seconds
Platform modules already initialized, skipping
Shader 'Universal Render Pipeline/Particles/Lit': fallback shader 'Universal Render Pipeline/Particles/SimpleLit' not found
Shader 'Universal Render Pipeline/Particles/Lit': fallback shader 'Universal Render Pipeline/Particles/SimpleLit' not found
Refreshing native plugins compatible for Editor in 2.56 ms, found 0 plugins.
Preloading 0 native plugins for Editor in 0.00 ms.
Unloading 2457 Unused Serialized files (Serialized files now loaded: 0)
System memory in use before: 133.4 MB.
System memory in use after: 131.7 MB.

Unloading 37 unused Assets to reduce memory usage. Loaded Objects now: 3213.
Total: 7.453400 ms (FindLiveObjects: 0.842800 ms CreateObjectMapping: 0.241800 ms MarkObjects: 4.843500 ms  DeleteObjects: 1.524100 ms)

========================================================================
Received Prepare
Registering precompiled user dll's ...
Registered in 0.001252 seconds.
Begin MonoManager ReloadAssembly
Native extension for WindowsStandalone target not found
Refreshing native plugins compatible for Editor in 0.43 ms, found 0 plugins.
Preloading 0 native plugins for Editor in 0.00 ms.
Invoked RoslynAnalysisRunner static constructor.
RoslynAnalysisRunner will not be running.
RoslynAnalysisRunner has terminated.
Mono: successfully reloaded assembly
- Completed reload, in  1.500 seconds
Platform modules already initialized, skipping
Shader 'Universal Render Pipeline/Particles/Lit': fallback shader 'Universal Render Pipeline/Particles/SimpleLit' not found
Shader 'Universal Render Pipeline/Particles/Lit': fallback shader 'Universal Render Pipeline/Particles/SimpleLit' not found
Refreshing native plugins compatible for Editor in 0.41 ms, found 0 plugins.
Preloading 0 native plugins for Editor in 0.00 ms.
Unloading 2457 Unused Serialized files (Serialized files now loaded: 0)
System memory in use before: 133.4 MB.
System memory in use after: 131.7 MB.

Unloading 36 unused Assets to reduce memory usage. Loaded Objects now: 3215.
Total: 3.929900 ms (FindLiveObjects: 0.423500 ms CreateObjectMapping: 0.171800 ms MarkObjects: 2.266700 ms  DeleteObjects: 1.066800 ms)

========================================================================
Received Prepare
Registering precompiled user dll's ...
Registered in 0.004274 seconds.
Begin MonoManager ReloadAssembly
Native extension for WindowsStandalone target not found
Refreshing native plugins compatible for Editor in 0.45 ms, found 0 plugins.
Preloading 0 native plugins for Editor in 0.00 ms.
Invoked RoslynAnalysisRunner static constructor.
RoslynAnalysisRunner will not be running.
RoslynAnalysisRunner has terminated.
Mono: successfully reloaded assembly
- Completed reload, in  1.439 seconds
Platform modules already initialized, skipping
Shader 'Universal Render Pipeline/Particles/Lit': fallback shader 'Universal Render Pipeline/Particles/SimpleLit' not found
Shader 'Universal Render Pipeline/Particles/Lit': fallback shader 'Universal Render Pipeline/Particles/SimpleLit' not found
Refreshing native plugins compatible for Editor in 0.45 ms, found 0 plugins.
Preloading 0 native plugins for Editor in 0.00 ms.
Unloading 2457 Unused Serialized files (Serialized files now loaded: 0)
System memory in use before: 133.3 MB.
System memory in use after: 131.6 MB.

Unloading 36 unused Assets to reduce memory usage. Loaded Objects now: 3217.
Total: 7.747600 ms (FindLiveObjects: 0.351200 ms CreateObjectMapping: 0.198700 ms MarkObjects: 4.734400 ms  DeleteObjects: 2.461800 ms)

========================================================================
Received Prepare
Registering precompiled user dll's ...
Registered in 0.001897 seconds.
Begin MonoManager ReloadAssembly
Native extension for WindowsStandalone target not found
Refreshing native plugins compatible for Editor in 0.44 ms, found 0 plugins.
Preloading 0 native plugins for Editor in 0.00 ms.
Invoked RoslynAnalysisRunner static constructor.
RoslynAnalysisRunner will not be running.
RoslynAnalysisRunner has terminated.
Mono: successfully reloaded assembly
- Completed reload, in  1.659 seconds
Platform modules already initialized, skipping
Shader 'Universal Render Pipeline/Particles/Lit': fallback shader 'Universal Render Pipeline/Particles/SimpleLit' not found
Shader 'Universal Render Pipeline/Particles/Lit': fallback shader 'Universal Render Pipeline/Particles/SimpleLit' not found
Refreshing native plugins compatible for Editor in 0.45 ms, found 0 plugins.
Preloading 0 native plugins for Editor in 0.00 ms.
Unloading 2457 Unused Serialized files (Serialized files now loaded: 0)
System memory in use before: 133.4 MB.
System memory in use after: 131.7 MB.

Unloading 36 unused Assets to reduce memory usage. Loaded Objects now: 3219.
Total: 4.491100 ms (FindLiveObjects: 0.374000 ms CreateObjectMapping: 0.181400 ms MarkObjects: 2.501900 ms  DeleteObjects: 1.432700 ms)

========================================================================
Received Import Request.
  Time since last request: 666.184448 seconds.
  path: Assets/ScriptableOjbects/Player Data.asset
  artifactKey: Guid(2c671ebc10b95d6418467bd7df044ec6) Importer(815301076,1909f56bfc062723c751e8b465ee728b)
Start importing Assets/ScriptableOjbects/Player Data.asset using Guid(2c671ebc10b95d6418467bd7df044ec6) Importer(815301076,1909f56bfc062723c751e8b465ee728b)  -> (artifact id: '8a9591015b2d0078d359218424774adb') in 0.015979 seconds
  Import took 0.025630 seconds .

========================================================================
Received Prepare
Registering precompiled user dll's ...
Registered in 0.001876 seconds.
Begin MonoManager ReloadAssembly
Native extension for WindowsStandalone target not found
Refreshing native plugins compatible for Editor in 0.44 ms, found 0 plugins.
Preloading 0 native plugins for Editor in 0.00 ms.
Invoked RoslynAnalysisRunner static constructor.
RoslynAnalysisRunner will not be running.
RoslynAnalysisRunner has terminated.
Mono: successfully reloaded assembly
- Completed reload, in  1.539 seconds
Platform modules already initialized, skipping
Shader 'Universal Render Pipeline/Particles/Lit': fallback shader 'Universal Render Pipeline/Particles/SimpleLit' not found
Shader 'Universal Render Pipeline/Particles/Lit': fallback shader 'Universal Render Pipeline/Particles/SimpleLit' not found
Refreshing native plugins compatible for Editor in 0.43 ms, found 0 plugins.
Preloading 0 native plugins for Editor in 0.00 ms.
Unloading 2457 Unused Serialized files (Serialized files now loaded: 0)
System memory in use before: 133.3 MB.
System memory in use after: 131.6 MB.

Unloading 36 unused Assets to reduce memory usage. Loaded Objects now: 3221.
Total: 5.478900 ms (FindLiveObjects: 0.700100 ms CreateObjectMapping: 0.401000 ms MarkObjects: 2.816400 ms  DeleteObjects: 1.559900 ms)

========================================================================
Received Prepare
Registering precompiled user dll's ...
Registered in 0.001368 seconds.
Begin MonoManager ReloadAssembly
Native extension for WindowsStandalone target not found
Refreshing native plugins compatible for Editor in 0.42 ms, found 0 plugins.
Preloading 0 native plugins for Editor in 0.00 ms.
Invoked RoslynAnalysisRunner static constructor.
RoslynAnalysisRunner will not be running.
RoslynAnalysisRunner has terminated.
Mono: successfully reloaded assembly
- Completed reload, in  1.163 seconds
Platform modules already initialized, skipping
Shader 'Universal Render Pipeline/Particles/Lit': fallback shader 'Universal Render Pipeline/Particles/SimpleLit' not found
Shader 'Universal Render Pipeline/Particles/Lit': fallback shader 'Universal Render Pipeline/Particles/SimpleLit' not found
Refreshing native plugins compatible for Editor in 0.46 ms, found 0 plugins.
Preloading 0 native plugins for Editor in 0.00 ms.
Unloading 2457 Unused Serialized files (Serialized files now loaded: 0)
System memory in use before: 133.4 MB.
System memory in use after: 131.7 MB.

Unloading 36 unused Assets to reduce memory usage. Loaded Objects now: 3223.
Total: 3.524600 ms (FindLiveObjects: 0.311000 ms CreateObjectMapping: 0.100700 ms MarkObjects: 2.041200 ms  DeleteObjects: 1.070900 ms)

========================================================================
Received Prepare
Registering precompiled user dll's ...
Registered in 0.001244 seconds.
Begin MonoManager ReloadAssembly
Native extension for WindowsStandalone target not found
Refreshing native plugins compatible for Editor in 0.45 ms, found 0 plugins.
Preloading 0 native plugins for Editor in 0.00 ms.
Invoked RoslynAnalysisRunner static constructor.
RoslynAnalysisRunner will not be running.
RoslynAnalysisRunner has terminated.
Mono: successfully reloaded assembly
- Completed reload, in  1.264 seconds
Platform modules already initialized, skipping
Shader 'Universal Render Pipeline/Particles/Lit': fallback shader 'Universal Render Pipeline/Particles/SimpleLit' not found
Shader 'Universal Render Pipeline/Particles/Lit': fallback shader 'Universal Render Pipeline/Particles/SimpleLit' not found
Refreshing native plugins compatible for Editor in 0.44 ms, found 0 plugins.
Preloading 0 native plugins for Editor in 0.00 ms.
Unloading 2457 Unused Serialized files (Serialized files now loaded: 0)
System memory in use before: 133.4 MB.
System memory in use after: 131.7 MB.

Unloading 36 unused Assets to reduce memory usage. Loaded Objects now: 3225.
Total: 3.506400 ms (FindLiveObjects: 0.308000 ms CreateObjectMapping: 0.145600 ms MarkObjects: 1.988000 ms  DeleteObjects: 1.063700 ms)

========================================================================
Received Prepare
Registering precompiled user dll's ...
Registered in 0.001603 seconds.
Begin MonoManager ReloadAssembly
Native extension for WindowsStandalone target not found
Refreshing native plugins compatible for Editor in 0.45 ms, found 0 plugins.
Preloading 0 native plugins for Editor in 0.00 ms.
Invoked RoslynAnalysisRunner static constructor.
RoslynAnalysisRunner will not be running.
RoslynAnalysisRunner has terminated.
Mono: successfully reloaded assembly
- Completed reload, in  1.271 seconds
Platform modules already initialized, skipping
Shader 'Universal Render Pipeline/Particles/Lit': fallback shader 'Universal Render Pipeline/Particles/SimpleLit' not found
Shader 'Universal Render Pipeline/Particles/Lit': fallback shader 'Universal Render Pipeline/Particles/SimpleLit' not found
Refreshing native plugins compatible for Editor in 0.72 ms, found 0 plugins.
Preloading 0 native plugins for Editor in 0.00 ms.
Unloading 2457 Unused Serialized files (Serialized files now loaded: 0)
System memory in use before: 133.4 MB.
System memory in use after: 131.7 MB.

Unloading 36 unused Assets to reduce memory usage. Loaded Objects now: 3227.
Total: 5.365300 ms (FindLiveObjects: 0.560400 ms CreateObjectMapping: 0.408300 ms MarkObjects: 2.674400 ms  DeleteObjects: 1.720500 ms)

========================================================================
Received Prepare
Registering precompiled user dll's ...
Registered in 0.001242 seconds.
Begin MonoManager ReloadAssembly
Native extension for WindowsStandalone target not found
Refreshing native plugins compatible for Editor in 0.42 ms, found 0 plugins.
Preloading 0 native plugins for Editor in 0.00 ms.
Invoked RoslynAnalysisRunner static constructor.
RoslynAnalysisRunner will not be running.
RoslynAnalysisRunner has terminated.
Mono: successfully reloaded assembly
- Completed reload, in  1.437 seconds
Platform modules already initialized, skipping
Shader 'Universal Render Pipeline/Particles/Lit': fallback shader 'Universal Render Pipeline/Particles/SimpleLit' not found
Shader 'Universal Render Pipeline/Particles/Lit': fallback shader 'Universal Render Pipeline/Particles/SimpleLit' not found
Refreshing native plugins compatible for Editor in 0.58 ms, found 0 plugins.
Preloading 0 native plugins for Editor in 0.00 ms.
Unloading 2457 Unused Serialized files (Serialized files now loaded: 0)
System memory in use before: 133.4 MB.
System memory in use after: 131.7 MB.

Unloading 36 unused Assets to reduce memory usage. Loaded Objects now: 3229.
Total: 3.879200 ms (FindLiveObjects: 0.320000 ms CreateObjectMapping: 0.110800 ms MarkObjects: 2.134900 ms  DeleteObjects: 1.312500 ms)

========================================================================
Received Prepare
Registering precompiled user dll's ...
Registered in 0.001327 seconds.
Begin MonoManager ReloadAssembly
Native extension for WindowsStandalone target not found
Refreshing native plugins compatible for Editor in 0.42 ms, found 0 plugins.
Preloading 0 native plugins for Editor in 0.00 ms.
Invoked RoslynAnalysisRunner static constructor.
RoslynAnalysisRunner will not be running.
RoslynAnalysisRunner has terminated.
Mono: successfully reloaded assembly
- Completed reload, in  1.507 seconds
Platform modules already initialized, skipping
Shader 'Universal Render Pipeline/Particles/Lit': fallback shader 'Universal Render Pipeline/Particles/SimpleLit' not found
Shader 'Universal Render Pipeline/Particles/Lit': fallback shader 'Universal Render Pipeline/Particles/SimpleLit' not found
Refreshing native plugins compatible for Editor in 0.42 ms, found 0 plugins.
Preloading 0 native plugins for Editor in 0.00 ms.
Unloading 2457 Unused Serialized files (Serialized files now loaded: 0)
System memory in use before: 133.3 MB.
System memory in use after: 131.7 MB.

Unloading 36 unused Assets to reduce memory usage. Loaded Objects now: 3231.
Total: 3.684000 ms (FindLiveObjects: 0.324200 ms CreateObjectMapping: 0.111200 ms MarkObjects: 2.093900 ms  DeleteObjects: 1.153400 ms)

========================================================================
Received Import Request.
  Time since last request: 1098.223278 seconds.
  path: Assets/ScriptableOjbects/Player Data.asset
  artifactKey: Guid(2c671ebc10b95d6418467bd7df044ec6) Importer(815301076,1909f56bfc062723c751e8b465ee728b)
Start importing Assets/ScriptableOjbects/Player Data.asset using Guid(2c671ebc10b95d6418467bd7df044ec6) Importer(815301076,1909f56bfc062723c751e8b465ee728b)  -> (artifact id: '0718a0e37b24181868fd4f3848dfb37f') in 0.013467 seconds
  Import took 0.018434 seconds .

========================================================================
Received Import Request.
  Time since last request: 0.000197 seconds.
  path: Assets/ScriptableOjbects/Spawn Manager.asset
  artifactKey: Guid(734f4b48796c5b545b1abf7ca88fd5cc) Importer(815301076,1909f56bfc062723c751e8b465ee728b)
Start importing Assets/ScriptableOjbects/Spawn Manager.asset using Guid(734f4b48796c5b545b1abf7ca88fd5cc) Importer(815301076,1909f56bfc062723c751e8b465ee728b)  -> (artifact id: '68f016bf225cd29e4d24e912b351ae53') in 0.007231 seconds
  Import took 0.011258 seconds .

========================================================================
Received Prepare
Registering precompiled user dll's ...
Registered in 0.001371 seconds.
Begin MonoManager ReloadAssembly
Native extension for WindowsStandalone target not found
Refreshing native plugins compatible for Editor in 0.44 ms, found 0 plugins.
Preloading 0 native plugins for Editor in 0.00 ms.
Invoked RoslynAnalysisRunner static constructor.
RoslynAnalysisRunner will not be running.
RoslynAnalysisRunner has terminated.
Mono: successfully reloaded assembly
- Completed reload, in  1.610 seconds
Platform modules already initialized, skipping
Shader 'Universal Render Pipeline/Particles/Lit': fallback shader 'Universal Render Pipeline/Particles/SimpleLit' not found
Shader 'Universal Render Pipeline/Particles/Lit': fallback shader 'Universal Render Pipeline/Particles/SimpleLit' not found
Refreshing native plugins compatible for Editor in 0.44 ms, found 0 plugins.
Preloading 0 native plugins for Editor in 0.00 ms.
Unloading 2457 Unused Serialized files (Serialized files now loaded: 0)
System memory in use before: 133.4 MB.
System memory in use after: 131.8 MB.

Unloading 36 unused Assets to reduce memory usage. Loaded Objects now: 3233.
Total: 4.694400 ms (FindLiveObjects: 0.578400 ms CreateObjectMapping: 0.210000 ms MarkObjects: 2.455300 ms  DeleteObjects: 1.449600 ms)

========================================================================
Received Prepare
Registering precompiled user dll's ...
Registered in 0.001709 seconds.
Begin MonoManager ReloadAssembly
Native extension for WindowsStandalone target not found
Refreshing native plugins compatible for Editor in 0.43 ms, found 0 plugins.
Preloading 0 native plugins for Editor in 0.00 ms.
Invoked RoslynAnalysisRunner static constructor.
RoslynAnalysisRunner will not be running.
RoslynAnalysisRunner has terminated.
Mono: successfully reloaded assembly
- Completed reload, in  1.430 seconds
Platform modules already initialized, skipping
Shader 'Universal Render Pipeline/Particles/Lit': fallback shader 'Universal Render Pipeline/Particles/SimpleLit' not found
Shader 'Universal Render Pipeline/Particles/Lit': fallback shader 'Universal Render Pipeline/Particles/SimpleLit' not found
Refreshing native plugins compatible for Editor in 0.42 ms, found 0 plugins.
Preloading 0 native plugins for Editor in 0.00 ms.
Unloading 2457 Unused Serialized files (Serialized files now loaded: 0)
System memory in use before: 133.4 MB.
System memory in use after: 131.8 MB.

Unloading 36 unused Assets to reduce memory usage. Loaded Objects now: 3235.
Total: 4.698500 ms (FindLiveObjects: 1.661100 ms CreateObjectMapping: 0.156300 ms MarkObjects: 1.790600 ms  DeleteObjects: 1.089500 ms)

AssetImportWorkerClient::OnTransportError - code=2 error=End of file
